{"E:\\reactProjects\\WeatherApp\\src\\Constants.js": {"path":"E:\\reactProjects\\WeatherApp\\src\\Constants.js","statementMap":{"0":{"start":{"line":1,"column":13},"end":{"line":1,"column":27}},"1":{"start":{"line":2,"column":10},"end":{"line":4,"column":1}}},"fnMap":{},"branchMap":{},"s":{"0":1,"1":1},"f":{},"b":{},"_coverageSchema":"1a1c01bbd47fc00a2c39e90264f33305004495a9","hash":"1c9b4964eb8ba6ba32868892116885dfb51f9e0a"}
,"E:\\reactProjects\\WeatherApp\\src\\imageMapping.js": {"path":"E:\\reactProjects\\WeatherApp\\src\\imageMapping.js","statementMap":{},"fnMap":{},"branchMap":{},"s":{},"f":{},"b":{},"_coverageSchema":"1a1c01bbd47fc00a2c39e90264f33305004495a9","hash":"73887b1437c9c6eb7a759789fa4ab9beb537bd87"}
,"E:\\reactProjects\\WeatherApp\\src\\api\\ApiLayer.js": {"path":"E:\\reactProjects\\WeatherApp\\src\\api\\ApiLayer.js","statementMap":{"0":{"start":{"line":6,"column":17},"end":{"line":6,"column":77}},"1":{"start":{"line":7,"column":16},"end":{"line":7,"column":46}}},"fnMap":{},"branchMap":{},"s":{"0":1,"1":1},"f":{},"b":{},"_coverageSchema":"1a1c01bbd47fc00a2c39e90264f33305004495a9","hash":"4eebbf1253762529bc52de0fc924f15d44d130c9"}
,"E:\\reactProjects\\WeatherApp\\src\\api\\Client.js": {"path":"E:\\reactProjects\\WeatherApp\\src\\api\\Client.js","statementMap":{"0":{"start":{"line":8,"column":18},"end":{"line":10,"column":2}},"1":{"start":{"line":12,"column":12},"end":{"line":12,"column":25}},"2":{"start":{"line":14,"column":0},"end":{"line":29,"column":1}},"3":{"start":{"line":15,"column":4},"end":{"line":27,"column":5}},"4":{"start":{"line":16,"column":25},"end":{"line":16,"column":60}},"5":{"start":{"line":17,"column":8},"end":{"line":21,"column":9}},"6":{"start":{"line":18,"column":12},"end":{"line":18,"column":64}},"7":{"start":{"line":19,"column":25},"end":{"line":19,"column":66}},"8":{"start":{"line":20,"column":12},"end":{"line":20,"column":56}},"9":{"start":{"line":22,"column":21},"end":{"line":22,"column":62}},"10":{"start":{"line":23,"column":8},"end":{"line":23,"column":52}},"11":{"start":{"line":25,"column":21},"end":{"line":25,"column":62}},"12":{"start":{"line":26,"column":8},"end":{"line":26,"column":61}}},"fnMap":{"0":{"name":"(anonymous_0)","decl":{"start":{"line":14,"column":16},"end":{"line":14,"column":17}},"loc":{"start":{"line":14,"column":52},"end":{"line":29,"column":1}},"line":14}},"branchMap":{"0":{"loc":{"start":{"line":17,"column":8},"end":{"line":21,"column":9}},"type":"if","locations":[{"start":{"line":17,"column":8},"end":{"line":21,"column":9}},{"start":{"line":17,"column":8},"end":{"line":21,"column":9}}],"line":17},"1":{"loc":{"start":{"line":20,"column":19},"end":{"line":20,"column":55}},"type":"cond-expr","locations":[{"start":{"line":20,"column":26},"end":{"line":20,"column":44}},{"start":{"line":20,"column":47},"end":{"line":20,"column":55}}],"line":20},"2":{"loc":{"start":{"line":23,"column":15},"end":{"line":23,"column":51}},"type":"cond-expr","locations":[{"start":{"line":23,"column":22},"end":{"line":23,"column":40}},{"start":{"line":23,"column":43},"end":{"line":23,"column":51}}],"line":23},"3":{"loc":{"start":{"line":26,"column":15},"end":{"line":26,"column":60}},"type":"cond-expr","locations":[{"start":{"line":26,"column":22},"end":{"line":26,"column":53}},{"start":{"line":26,"column":56},"end":{"line":26,"column":60}}],"line":26}},"s":{"0":1,"1":1,"2":1,"3":1,"4":1,"5":0,"6":0,"7":0,"8":0,"9":0,"10":0,"11":0,"12":0},"f":{"0":1},"b":{"0":[0,0],"1":[0,0],"2":[0,0],"3":[0,0]},"_coverageSchema":"1a1c01bbd47fc00a2c39e90264f33305004495a9","hash":"7cf91a65afdb715ba6da7121bf1af98dd4de8a35"}
,"E:\\reactProjects\\WeatherApp\\src\\assets\\02d.png": {"path":"E:\\reactProjects\\WeatherApp\\src\\assets\\02d.png","statementMap":{"0":{"start":{"line":1,"column":0},"end":{"line":1,"column":19}}},"fnMap":{},"branchMap":{},"s":{"0":1},"f":{},"b":{},"inputSourceMap":null,"_coverageSchema":"1a1c01bbd47fc00a2c39e90264f33305004495a9","hash":"877dec0f92c9e1ea64655f2bc1387df9a373f719"}
,"E:\\reactProjects\\WeatherApp\\src\\assets\\03d.png": {"path":"E:\\reactProjects\\WeatherApp\\src\\assets\\03d.png","statementMap":{"0":{"start":{"line":1,"column":0},"end":{"line":1,"column":19}}},"fnMap":{},"branchMap":{},"s":{"0":1},"f":{},"b":{},"inputSourceMap":null,"_coverageSchema":"1a1c01bbd47fc00a2c39e90264f33305004495a9","hash":"a1a6e406b62c871db5b6646b5b5ffcdf282033fa"}
,"E:\\reactProjects\\WeatherApp\\src\\assets\\bg.jpg": {"path":"E:\\reactProjects\\WeatherApp\\src\\assets\\bg.jpg","statementMap":{"0":{"start":{"line":1,"column":0},"end":{"line":1,"column":19}}},"fnMap":{},"branchMap":{},"s":{"0":1},"f":{},"b":{},"inputSourceMap":null,"_coverageSchema":"1a1c01bbd47fc00a2c39e90264f33305004495a9","hash":"c091047234f0fc28c57ee0c2e7cdc45aa766cf25"}
,"E:\\reactProjects\\WeatherApp\\src\\cache\\CacheLayer.js": {"path":"E:\\reactProjects\\WeatherApp\\src\\cache\\CacheLayer.js","statementMap":{"0":{"start":{"line":4,"column":18},"end":{"line":14,"column":1}},"1":{"start":{"line":5,"column":4},"end":{"line":13,"column":5}},"2":{"start":{"line":6,"column":29},"end":{"line":6,"column":46}},"3":{"start":{"line":7,"column":32},"end":{"line":7,"column":60}},"4":{"start":{"line":8,"column":8},"end":{"line":8,"column":56}},"5":{"start":{"line":9,"column":8},"end":{"line":9,"column":76}},"6":{"start":{"line":12,"column":8},"end":{"line":12,"column":50}},"7":{"start":{"line":16,"column":22},"end":{"line":27,"column":1}},"8":{"start":{"line":17,"column":4},"end":{"line":26,"column":5}},"9":{"start":{"line":19,"column":21},"end":{"line":19,"column":52}},"10":{"start":{"line":20,"column":8},"end":{"line":22,"column":50}},"11":{"start":{"line":23,"column":8},"end":{"line":23,"column":54}},"12":{"start":{"line":25,"column":8},"end":{"line":25,"column":48}},"13":{"start":{"line":30,"column":19},"end":{"line":44,"column":1}},"14":{"start":{"line":31,"column":25},"end":{"line":41,"column":5}},"15":{"start":{"line":39,"column":57},"end":{"line":39,"column":72}},"16":{"start":{"line":43,"column":4},"end":{"line":43,"column":24}}},"fnMap":{"0":{"name":"(anonymous_0)","decl":{"start":{"line":4,"column":18},"end":{"line":4,"column":19}},"loc":{"start":{"line":4,"column":40},"end":{"line":14,"column":1}},"line":4},"1":{"name":"(anonymous_1)","decl":{"start":{"line":16,"column":22},"end":{"line":16,"column":23}},"loc":{"start":{"line":16,"column":37},"end":{"line":27,"column":1}},"line":16},"2":{"name":"(anonymous_2)","decl":{"start":{"line":30,"column":19},"end":{"line":30,"column":20}},"loc":{"start":{"line":30,"column":32},"end":{"line":44,"column":1}},"line":30},"3":{"name":"(anonymous_3)","decl":{"start":{"line":39,"column":40},"end":{"line":39,"column":41}},"loc":{"start":{"line":39,"column":57},"end":{"line":39,"column":72}},"line":39}},"branchMap":{"0":{"loc":{"start":{"line":9,"column":15},"end":{"line":9,"column":75}},"type":"cond-expr","locations":[{"start":{"line":9,"column":41},"end":{"line":9,"column":68}},{"start":{"line":9,"column":71},"end":{"line":9,"column":75}}],"line":9},"1":{"loc":{"start":{"line":20,"column":8},"end":{"line":22,"column":49}},"type":"cond-expr","locations":[{"start":{"line":21,"column":14},"end":{"line":21,"column":45}},{"start":{"line":22,"column":14},"end":{"line":22,"column":49}}],"line":20},"2":{"loc":{"start":{"line":23,"column":15},"end":{"line":23,"column":53}},"type":"cond-expr","locations":[{"start":{"line":23,"column":30},"end":{"line":23,"column":46}},{"start":{"line":23,"column":49},"end":{"line":23,"column":53}}],"line":23}},"s":{"0":1,"1":0,"2":0,"3":0,"4":0,"5":0,"6":0,"7":1,"8":0,"9":0,"10":0,"11":0,"12":0,"13":1,"14":0,"15":0,"16":0},"f":{"0":0,"1":0,"2":0,"3":0},"b":{"0":[0,0],"1":[0,0],"2":[0,0]},"_coverageSchema":"1a1c01bbd47fc00a2c39e90264f33305004495a9","hash":"45475951d29477b68f88f9ed82a1f8f5801a5da8"}
,"E:\\reactProjects\\WeatherApp\\src\\components\\CurrentWeather.js": {"path":"E:\\reactProjects\\WeatherApp\\src\\components\\CurrentWeather.js","statementMap":{"0":{"start":{"line":8,"column":25},"end":{"line":8,"column":40}},"1":{"start":{"line":9,"column":4},"end":{"line":36,"column":13}},"2":{"start":{"line":40,"column":15},"end":{"line":70,"column":2}}},"fnMap":{"0":{"name":"CurrentWeather","decl":{"start":{"line":6,"column":9},"end":{"line":6,"column":23}},"loc":{"start":{"line":6,"column":83},"end":{"line":38,"column":1}},"line":6}},"branchMap":{},"s":{"0":1,"1":1,"2":2},"f":{"0":1},"b":{},"_coverageSchema":"1a1c01bbd47fc00a2c39e90264f33305004495a9","hash":"a15a01c87586c1b456bcf7b901a7ad9c83384c9e"}
,"E:\\reactProjects\\WeatherApp\\src\\components\\DailyComponent.js": {"path":"E:\\reactProjects\\WeatherApp\\src\\components\\DailyComponent.js","statementMap":{"0":{"start":{"line":9,"column":20},"end":{"line":23,"column":5}},"1":{"start":{"line":10,"column":20},"end":{"line":10,"column":44}},"2":{"start":{"line":11,"column":23},"end":{"line":11,"column":36}},"3":{"start":{"line":13,"column":8},"end":{"line":21,"column":9}},"4":{"start":{"line":14,"column":20},"end":{"line":14,"column":35}},"5":{"start":{"line":15,"column":20},"end":{"line":15,"column":35}},"6":{"start":{"line":16,"column":20},"end":{"line":16,"column":36}},"7":{"start":{"line":17,"column":20},"end":{"line":17,"column":38}},"8":{"start":{"line":18,"column":20},"end":{"line":18,"column":37}},"9":{"start":{"line":19,"column":20},"end":{"line":19,"column":35}},"10":{"start":{"line":20,"column":20},"end":{"line":20,"column":37}},"11":{"start":{"line":26,"column":4},"end":{"line":40,"column":13}},"12":{"start":{"line":44,"column":15},"end":{"line":66,"column":2}}},"fnMap":{"0":{"name":"DailyComponent","decl":{"start":{"line":7,"column":9},"end":{"line":7,"column":23}},"loc":{"start":{"line":7,"column":49},"end":{"line":42,"column":1}},"line":7},"1":{"name":"(anonymous_1)","decl":{"start":{"line":9,"column":20},"end":{"line":9,"column":21}},"loc":{"start":{"line":9,"column":26},"end":{"line":23,"column":5}},"line":9}},"branchMap":{"0":{"loc":{"start":{"line":13,"column":8},"end":{"line":21,"column":9}},"type":"switch","locations":[{"start":{"line":14,"column":12},"end":{"line":14,"column":35}},{"start":{"line":15,"column":12},"end":{"line":15,"column":35}},{"start":{"line":16,"column":12},"end":{"line":16,"column":36}},{"start":{"line":17,"column":12},"end":{"line":17,"column":38}},{"start":{"line":18,"column":12},"end":{"line":18,"column":37}},{"start":{"line":19,"column":12},"end":{"line":19,"column":35}},{"start":{"line":20,"column":12},"end":{"line":20,"column":37}}],"line":13}},"s":{"0":1,"1":1,"2":1,"3":1,"4":0,"5":1,"6":0,"7":0,"8":0,"9":0,"10":0,"11":1,"12":2},"f":{"0":1,"1":1},"b":{"0":[0,1,0,0,0,0,0]},"_coverageSchema":"1a1c01bbd47fc00a2c39e90264f33305004495a9","hash":"7c268bdd26ee3f4d8a39db393b86e7f1892641d7"}
,"E:\\reactProjects\\WeatherApp\\src\\components\\WeatherComp.js": {"path":"E:\\reactProjects\\WeatherApp\\src\\components\\WeatherComp.js","statementMap":{"0":{"start":{"line":6,"column":19},"end":{"line":6,"column":43}},"1":{"start":{"line":7,"column":4},"end":{"line":15,"column":13}},"2":{"start":{"line":19,"column":15},"end":{"line":44,"column":2}}},"fnMap":{"0":{"name":"WeatherComp","decl":{"start":{"line":5,"column":9},"end":{"line":5,"column":20}},"loc":{"start":{"line":5,"column":55},"end":{"line":17,"column":1}},"line":5}},"branchMap":{},"s":{"0":1,"1":1,"2":2},"f":{"0":1},"b":{},"_coverageSchema":"1a1c01bbd47fc00a2c39e90264f33305004495a9","hash":"a3eb0872b978105b82ec5acc5746967a2f20d5e9"}
,"E:\\reactProjects\\WeatherApp\\src\\screens\\EnterZipScreen.js": {"path":"E:\\reactProjects\\WeatherApp\\src\\screens\\EnterZipScreen.js","statementMap":{"0":{"start":{"line":9,"column":26},"end":{"line":9,"column":36}},"1":{"start":{"line":11,"column":4},"end":{"line":35,"column":23}},"2":{"start":{"line":19,"column":40},"end":{"line":19,"column":52}},"3":{"start":{"line":30,"column":20},"end":{"line":30,"column":74}},"4":{"start":{"line":38,"column":15},"end":{"line":71,"column":2}}},"fnMap":{"0":{"name":"EnterZipScreen","decl":{"start":{"line":7,"column":9},"end":{"line":7,"column":23}},"loc":{"start":{"line":7,"column":40},"end":{"line":36,"column":1}},"line":7},"1":{"name":"(anonymous_1)","decl":{"start":{"line":19,"column":30},"end":{"line":19,"column":31}},"loc":{"start":{"line":19,"column":40},"end":{"line":19,"column":52}},"line":19},"2":{"name":"(anonymous_2)","decl":{"start":{"line":29,"column":25},"end":{"line":29,"column":26}},"loc":{"start":{"line":29,"column":31},"end":{"line":31,"column":17}},"line":29}},"branchMap":{},"s":{"0":1,"1":1,"2":0,"3":0,"4":1},"f":{"0":1,"1":0,"2":0},"b":{},"_coverageSchema":"1a1c01bbd47fc00a2c39e90264f33305004495a9","hash":"154cf22fafe4b57ccb7f482c44b7ff7747857c9c"}
,"E:\\reactProjects\\WeatherApp\\src\\screens\\WeatherScreen.js": {"path":"E:\\reactProjects\\WeatherApp\\src\\screens\\WeatherScreen.js","statementMap":{"0":{"start":{"line":11,"column":18},"end":{"line":46,"column":1}},"1":{"start":{"line":50,"column":42},"end":{"line":50,"column":52}},"2":{"start":{"line":51,"column":46},"end":{"line":51,"column":61}},"3":{"start":{"line":52,"column":30},"end":{"line":52,"column":45}},"4":{"start":{"line":54,"column":21},"end":{"line":66,"column":5}},"5":{"start":{"line":55,"column":8},"end":{"line":65,"column":9}},"6":{"start":{"line":56,"column":12},"end":{"line":56,"column":34}},"7":{"start":{"line":57,"column":29},"end":{"line":57,"column":51}},"8":{"start":{"line":58,"column":12},"end":{"line":58,"column":41}},"9":{"start":{"line":59,"column":12},"end":{"line":59,"column":35}},"10":{"start":{"line":60,"column":12},"end":{"line":60,"column":27}},"11":{"start":{"line":62,"column":12},"end":{"line":62,"column":40}},"12":{"start":{"line":63,"column":12},"end":{"line":63,"column":35}},"13":{"start":{"line":64,"column":12},"end":{"line":64,"column":26}},"14":{"start":{"line":67,"column":4},"end":{"line":70,"column":6}},"15":{"start":{"line":68,"column":8},"end":{"line":68,"column":19}},"16":{"start":{"line":72,"column":4},"end":{"line":73,"column":62}},"17":{"start":{"line":73,"column":8},"end":{"line":73,"column":62}},"18":{"start":{"line":74,"column":4},"end":{"line":76,"column":5}},"19":{"start":{"line":75,"column":8},"end":{"line":75,"column":33}},"20":{"start":{"line":78,"column":4},"end":{"line":81,"column":5}},"21":{"start":{"line":79,"column":8},"end":{"line":79,"column":19}},"22":{"start":{"line":80,"column":8},"end":{"line":80,"column":14}},"23":{"start":{"line":82,"column":26},"end":{"line":93,"column":5}},"24":{"start":{"line":83,"column":20},"end":{"line":83,"column":49}},"25":{"start":{"line":84,"column":20},"end":{"line":84,"column":49}},"26":{"start":{"line":85,"column":8},"end":{"line":91,"column":15}},"27":{"start":{"line":95,"column":4},"end":{"line":140,"column":6}},"28":{"start":{"line":120,"column":52},"end":{"line":120,"column":70}},"29":{"start":{"line":122,"column":32},"end":{"line":127,"column":34}},"30":{"start":{"line":144,"column":15},"end":{"line":169,"column":2}}},"fnMap":{"0":{"name":"WeatherScreen","decl":{"start":{"line":49,"column":9},"end":{"line":49,"column":22}},"loc":{"start":{"line":49,"column":46},"end":{"line":142,"column":1}},"line":49},"1":{"name":"(anonymous_1)","decl":{"start":{"line":54,"column":21},"end":{"line":54,"column":22}},"loc":{"start":{"line":54,"column":33},"end":{"line":66,"column":5}},"line":54},"2":{"name":"(anonymous_2)","decl":{"start":{"line":67,"column":14},"end":{"line":67,"column":15}},"loc":{"start":{"line":67,"column":20},"end":{"line":69,"column":5}},"line":67},"3":{"name":"(anonymous_3)","decl":{"start":{"line":82,"column":53},"end":{"line":82,"column":54}},"loc":{"start":{"line":82,"column":70},"end":{"line":92,"column":5}},"line":82},"4":{"name":"(anonymous_4)","decl":{"start":{"line":120,"column":42},"end":{"line":120,"column":43}},"loc":{"start":{"line":120,"column":52},"end":{"line":120,"column":70}},"line":120},"5":{"name":"(anonymous_5)","decl":{"start":{"line":121,"column":40},"end":{"line":121,"column":41}},"loc":{"start":{"line":122,"column":32},"end":{"line":127,"column":34}},"line":122}},"branchMap":{"0":{"loc":{"start":{"line":72,"column":4},"end":{"line":73,"column":62}},"type":"if","locations":[{"start":{"line":72,"column":4},"end":{"line":73,"column":62}},{"start":{"line":72,"column":4},"end":{"line":73,"column":62}}],"line":72},"1":{"loc":{"start":{"line":74,"column":4},"end":{"line":76,"column":5}},"type":"if","locations":[{"start":{"line":74,"column":4},"end":{"line":76,"column":5}},{"start":{"line":74,"column":4},"end":{"line":76,"column":5}}],"line":74},"2":{"loc":{"start":{"line":78,"column":4},"end":{"line":81,"column":5}},"type":"if","locations":[{"start":{"line":78,"column":4},"end":{"line":81,"column":5}},{"start":{"line":78,"column":4},"end":{"line":81,"column":5}}],"line":78}},"s":{"0":1,"1":2,"2":2,"3":2,"4":2,"5":1,"6":1,"7":1,"8":0,"9":0,"10":0,"11":0,"12":0,"13":0,"14":2,"15":0,"16":2,"17":1,"18":1,"19":0,"20":1,"21":1,"22":1,"23":0,"24":0,"25":0,"26":0,"27":0,"28":0,"29":0,"30":1},"f":{"0":2,"1":1,"2":0,"3":0,"4":0,"5":0},"b":{"0":[1,1],"1":[0,1],"2":[1,0]},"_coverageSchema":"1a1c01bbd47fc00a2c39e90264f33305004495a9","hash":"547af9edde42f130f8df523abe9a989288b6fae8"}
,"E:\\reactProjects\\WeatherApp\\src\\store\\action\\WeatherAction.js": {"path":"E:\\reactProjects\\WeatherApp\\src\\store\\action\\WeatherAction.js","statementMap":{"0":{"start":{"line":1,"column":25},"end":{"line":3,"column":1}},"1":{"start":{"line":2,"column":4},"end":{"line":2,"column":41}}},"fnMap":{"0":{"name":"(anonymous_0)","decl":{"start":{"line":1,"column":25},"end":{"line":1,"column":26}},"loc":{"start":{"line":1,"column":34},"end":{"line":3,"column":1}},"line":1}},"branchMap":{},"s":{"0":1,"1":0},"f":{"0":0},"b":{},"_coverageSchema":"1a1c01bbd47fc00a2c39e90264f33305004495a9","hash":"523b4e1baeadfab8e8193101a12810faf9050b2b"}
}
