TN:
SF:src\Constants.js
FNF:0
FNH:0
DA:1,1
DA:2,1
LF:2
LH:2
BRF:0
BRH:0
end_of_record
TN:
SF:src\imageMapping.js
FNF:0
FNH:0
LF:0
LH:0
BRF:0
BRH:0
end_of_record
TN:
SF:src\api\ApiLayer.js
FNF:0
FNH:0
DA:6,1
DA:7,1
LF:2
LH:2
BRF:0
BRH:0
end_of_record
TN:
SF:src\api\Client.js
FN:14,(anonymous_0)
FNF:1
FNH:1
FNDA:1,(anonymous_0)
DA:8,1
DA:12,1
DA:14,1
DA:15,1
DA:16,1
DA:17,0
DA:18,0
DA:19,0
DA:20,0
DA:22,0
DA:23,0
DA:25,0
DA:26,0
LF:13
LH:5
BRDA:17,0,0,0
BRDA:17,0,1,0
BRDA:20,1,0,0
BRDA:20,1,1,0
BRDA:23,2,0,0
BRDA:23,2,1,0
BRDA:26,3,0,0
BRDA:26,3,1,0
BRF:8
BRH:0
end_of_record
TN:
SF:src\assets\02d.png
FNF:0
FNH:0
DA:1,1
LF:1
LH:1
BRF:0
BRH:0
end_of_record
TN:
SF:src\assets\03d.png
FNF:0
FNH:0
DA:1,1
LF:1
LH:1
BRF:0
BRH:0
end_of_record
TN:
SF:src\assets\bg.jpg
FNF:0
FNH:0
DA:1,1
LF:1
LH:1
BRF:0
BRH:0
end_of_record
TN:
SF:src\cache\CacheLayer.js
FN:4,(anonymous_0)
FN:16,(anonymous_1)
FN:30,(anonymous_2)
FN:39,(anonymous_3)
FNF:4
FNH:0
FNDA:0,(anonymous_0)
FNDA:0,(anonymous_1)
FNDA:0,(anonymous_2)
FNDA:0,(anonymous_3)
DA:4,1
DA:5,0
DA:6,0
DA:7,0
DA:8,0
DA:9,0
DA:12,0
DA:16,1
DA:17,0
DA:19,0
DA:20,0
DA:23,0
DA:25,0
DA:30,1
DA:31,0
DA:39,0
DA:43,0
LF:17
LH:3
BRDA:9,0,0,0
BRDA:9,0,1,0
BRDA:20,1,0,0
BRDA:20,1,1,0
BRDA:23,2,0,0
BRDA:23,2,1,0
BRF:6
BRH:0
end_of_record
TN:
SF:src\components\CurrentWeather.js
FN:6,CurrentWeather
FNF:1
FNH:1
FNDA:1,CurrentWeather
DA:8,1
DA:9,1
DA:40,2
LF:3
LH:3
BRF:0
BRH:0
end_of_record
TN:
SF:src\components\DailyComponent.js
FN:7,DailyComponent
FN:9,(anonymous_1)
FNF:2
FNH:2
FNDA:1,DailyComponent
FNDA:1,(anonymous_1)
DA:9,1
DA:10,1
DA:11,1
DA:13,1
DA:14,0
DA:15,1
DA:16,0
DA:17,0
DA:18,0
DA:19,0
DA:20,0
DA:26,1
DA:44,2
LF:13
LH:7
BRDA:13,0,0,0
BRDA:13,0,1,1
BRDA:13,0,2,0
BRDA:13,0,3,0
BRDA:13,0,4,0
BRDA:13,0,5,0
BRDA:13,0,6,0
BRF:7
BRH:1
end_of_record
TN:
SF:src\components\WeatherComp.js
FN:5,WeatherComp
FNF:1
FNH:1
FNDA:1,WeatherComp
DA:6,1
DA:7,1
DA:19,2
LF:3
LH:3
BRF:0
BRH:0
end_of_record
TN:
SF:src\screens\EnterZipScreen.js
FN:7,EnterZipScreen
FN:19,(anonymous_1)
FN:29,(anonymous_2)
FNF:3
FNH:1
FNDA:1,EnterZipScreen
FNDA:0,(anonymous_1)
FNDA:0,(anonymous_2)
DA:9,1
DA:11,1
DA:19,0
DA:30,0
DA:38,1
LF:5
LH:3
BRF:0
BRH:0
end_of_record
TN:
SF:src\screens\WeatherScreen.js
FN:49,WeatherScreen
FN:54,(anonymous_1)
FN:67,(anonymous_2)
FN:82,(anonymous_3)
FN:120,(anonymous_4)
FN:121,(anonymous_5)
FNF:6
FNH:2
FNDA:2,WeatherScreen
FNDA:1,(anonymous_1)
FNDA:0,(anonymous_2)
FNDA:0,(anonymous_3)
FNDA:0,(anonymous_4)
FNDA:0,(anonymous_5)
DA:11,1
DA:50,2
DA:51,2
DA:52,2
DA:54,2
DA:55,1
DA:56,1
DA:57,1
DA:58,0
DA:59,0
DA:60,0
DA:62,0
DA:63,0
DA:64,0
DA:67,2
DA:68,0
DA:72,2
DA:73,1
DA:74,1
DA:75,0
DA:78,1
DA:79,1
DA:80,1
DA:82,0
DA:83,0
DA:84,0
DA:85,0
DA:95,0
DA:120,0
DA:122,0
DA:144,1
LF:31
LH:16
BRDA:72,0,0,1
BRDA:72,0,1,1
BRDA:74,1,0,0
BRDA:74,1,1,1
BRDA:78,2,0,1
BRDA:78,2,1,0
BRF:6
BRH:4
end_of_record
TN:
SF:src\store\action\WeatherAction.js
FN:1,(anonymous_0)
FNF:1
FNH:0
FNDA:0,(anonymous_0)
DA:1,1
DA:2,0
LF:2
LH:1
BRF:0
BRH:0
end_of_record
